<?xml version="1.0" encoding="UTF-8"?>
<!-- Generated by org.testng.reporters.JUnitReportReporter -->
<testsuite hostname="LAPTOP-VHMBBAUO" failures="0" tests="1" name="windowhandle.SingleBrowserWindowHandle" time="15.891" errors="0" timestamp="2024-10-04T16:13:45 IST" skipped="0">
  <testcase classname="windowhandle.SingleBrowserWindowHandle" name="windowHandle" time="15.891"/>
</testsuite> <!-- windowhandle.SingleBrowserWindowHandle -->
