<?xml version="1.0" encoding="UTF-8"?>
<!-- Generated by org.testng.reporters.JUnitReportReporter -->
<testsuite hostname="LAPTOP-VHMBBAUO" failures="0" tests="1" name="frames.Nestedframes" time="9.632" errors="0" timestamp="2024-10-04T15:21:25 IST" skipped="0">
  <testcase classname="frames.Nestedframes" name="nestedFrames" time="9.632"/>
</testsuite> <!-- frames.Nestedframes -->
